{
  "RSpec": {
    "coverage": {
      "/Users/sarrafia/buy-nsw/seller_service/app/models/seller_service/document.rb": {
        "lines": [
          1,
          1,
          1,
          1,
          1,
          null,
          1,
          null,
          1,
          null,
          1,
          1,
          null,
          1,
          1,
          null,
          1,
          1,
          1,
          1,
          null,
          1,
          1,
          null,
          null,
          1,
          1,
          null,
          null,
          1,
          1,
          null,
          null,
          null,
          1,
          1,
          null,
          null,
          1,
          2,
          null,
          null,
          1,
          1,
          null,
          null,
          1,
          1,
          null,
          null,
          1,
          null,
          null,
          null,
          1,
          null,
          1,
          23,
          1,
          1,
          null,
          null,
          null,
          1,
          12,
          12,
          null,
          null,
          null
        ]
      },
      "/Users/sarrafia/buy-nsw/seller_service/app/models/seller_service/application_record.rb": {
        "lines": [
          1,
          1,
          1,
          null,
          null
        ]
      },
      "/Users/sarrafia/buy-nsw/seller_service/app/uploaders/seller_service/document_uploader.rb": {
        "lines": [
          1,
          null,
          null,
          1,
          14,
          null,
          null,
          1,
          14,
          null,
          null,
          1,
          28,
          null,
          null,
          1,
          28,
          null,
          null,
          1,
          48,
          null,
          null,
          1,
          null,
          1,
          48,
          48,
          null,
          null
        ]
      },
      "/Users/sarrafia/buy-nsw/seller_service/app/models/seller_service/seller_address.rb": {
        "lines": [
          1,
          1,
          null,
          null,
          null,
          null,
          null,
          null,
          1,
          1,
          1,
          null,
          1,
          null,
          1,
          null,
          1,
          5,
          null,
          null,
          null,
          null,
          null,
          5,
          null,
          5,
          null,
          null,
          1,
          1,
          null,
          null,
          null,
          null,
          null,
          1,
          null,
          null,
          null,
          1,
          1,
          null,
          null,
          null
        ]
      },
      "/Users/sarrafia/buy-nsw/seller_service/app/models/seller_service/seller_field_status.rb": {
        "lines": [
          1,
          1,
          1,
          1,
          null,
          null,
          null
        ]
      },
      "/Users/sarrafia/buy-nsw/seller_service/app/models/seller_service/seller_version.rb": {
        "lines": [
          1,
          1,
          1,
          1,
          1,
          null,
          1,
          1,
          1,
          1,
          null,
          1,
          null,
          1,
          null,
          1,
          1,
          null,
          1,
          null,
          1,
          199,
          199,
          199,
          null,
          null,
          1,
          1,
          null,
          1,
          null,
          null,
          null,
          1,
          1,
          1,
          1,
          null,
          null,
          null,
          null,
          null,
          1,
          null,
          1,
          null,
          1,
          1,
          1,
          1,
          1,
          1,
          1,
          null,
          1,
          1,
          1,
          5,
          null,
          null,
          null,
          1,
          1,
          null,
          null,
          1,
          1,
          null,
          null,
          1,
          1,
          null,
          null,
          1,
          1,
          null,
          null,
          1,
          1,
          null,
          null,
          1,
          1,
          null,
          null,
          1,
          1,
          null,
          null,
          1,
          1,
          null,
          null,
          null,
          1,
          1,
          null,
          null,
          null,
          null,
          1,
          null,
          null,
          1,
          10,
          null,
          null,
          1,
          1,
          null,
          null,
          1,
          1,
          null,
          null,
          1,
          2,
          null,
          null,
          1,
          1,
          null,
          null,
          1,
          null,
          3,
          1,
          null,
          16,
          null,
          null,
          1,
          2,
          1,
          null,
          1,
          null,
          null,
          1,
          0,
          null,
          null,
          1,
          null,
          1,
          1,
          1,
          null,
          1,
          1,
          null,
          1,
          1,
          1,
          1,
          1,
          1,
          null,
          1,
          null,
          null,
          1,
          null,
          null,
          1,
          null,
          null,
          1,
          1,
          1,
          null,
          null,
          1,
          null,
          null,
          null,
          null,
          null,
          null,
          null,
          null,
          null,
          null,
          null,
          null,
          null,
          null,
          null,
          null,
          null,
          null,
          null,
          null,
          null,
          null,
          null,
          null,
          null,
          null,
          null,
          null,
          null,
          null,
          null,
          null,
          null,
          null,
          null,
          null,
          null,
          null,
          null,
          null,
          null,
          null,
          null,
          null,
          null,
          null,
          null,
          null,
          null,
          null,
          1,
          2,
          null,
          null,
          1,
          null,
          61,
          null,
          null,
          null,
          null,
          null,
          null,
          null,
          null,
          null,
          null,
          null,
          null,
          null,
          null,
          null,
          null,
          null,
          null,
          null,
          null,
          null,
          null,
          null,
          null,
          null,
          null,
          null,
          null,
          null,
          null,
          null,
          null,
          null,
          null,
          null,
          null,
          null,
          null,
          null,
          null,
          null,
          null,
          null,
          null,
          null,
          null,
          null,
          null,
          null,
          null,
          null,
          null,
          null,
          null,
          null,
          null,
          null,
          null,
          1,
          3,
          null,
          null,
          1,
          0,
          null,
          null,
          1,
          3,
          null,
          null,
          1,
          1,
          null,
          null,
          null,
          null,
          null,
          5,
          null,
          null,
          1,
          136,
          null,
          null,
          1,
          1,
          null,
          null,
          1,
          0,
          null,
          null,
          1,
          6,
          2,
          null,
          4,
          null,
          null,
          null,
          1,
          29,
          0,
          null,
          null,
          1,
          29,
          8,
          null,
          null,
          1,
          36,
          null,
          13,
          null,
          null,
          null,
          null,
          null,
          null,
          null,
          26,
          13,
          null,
          null,
          1,
          29,
          null,
          4,
          null,
          null,
          null,
          null,
          8,
          4,
          null,
          null,
          1,
          29,
          null,
          4,
          null,
          null,
          null,
          null,
          8,
          4,
          null,
          null,
          1,
          29,
          null,
          3,
          null,
          null,
          null,
          6,
          3,
          null,
          null,
          null
        ]
      },
      "/Users/sarrafia/buy-nsw/seller_service/app/models/seller_service/concerns/state_scopes.rb": {
        "lines": [
          1,
          1,
          null,
          1,
          2,
          null,
          2,
          2,
          2,
          null,
          null
        ]
      },
      "/Users/sarrafia/buy-nsw/seller_service/app/models/seller_service/concerns/documentable.rb": {
        "lines": [
          1,
          1,
          null,
          1,
          1,
          0,
          0,
          0,
          null,
          null,
          0,
          0,
          null,
          0,
          0,
          null,
          0,
          null,
          null,
          null,
          0,
          null,
          null,
          null,
          0,
          0,
          null,
          null,
          null,
          null,
          null,
          null,
          null,
          null,
          null,
          null,
          null,
          null,
          1,
          2,
          null,
          null
        ]
      },
      "/Users/sarrafia/buy-nsw/seller_service/app/models/seller_service/seller.rb": {
        "lines": [
          1,
          1,
          1,
          1,
          1,
          null,
          1,
          1,
          null,
          1,
          null,
          1,
          1,
          1,
          11,
          null,
          1,
          1,
          null,
          1,
          1,
          1,
          1,
          null,
          1,
          1,
          null,
          null,
          1,
          1,
          null,
          null,
          1,
          1,
          null,
          null,
          null,
          1,
          0,
          null,
          null,
          1,
          0,
          0,
          null,
          null,
          1,
          1,
          null,
          null,
          1,
          46,
          null,
          null,
          1,
          211,
          null,
          null,
          1,
          41,
          null,
          null,
          1,
          103,
          null,
          null,
          1,
          203,
          null,
          null,
          1,
          5,
          null,
          null,
          1,
          2,
          null,
          null,
          1,
          0,
          null,
          null,
          1,
          311,
          null,
          null,
          1,
          2,
          null,
          null,
          1,
          6,
          null,
          null,
          1,
          53,
          null,
          null,
          1,
          0,
          null,
          null,
          1,
          0,
          null,
          null,
          1,
          2,
          null,
          null,
          1,
          51,
          1,
          50,
          42,
          10,
          32,
          13,
          19,
          2,
          null,
          17,
          null,
          null,
          8,
          3,
          null,
          5,
          null,
          null,
          null,
          null,
          1,
          30,
          null,
          1,
          null,
          1,
          null,
          1,
          null,
          2,
          null,
          1,
          null,
          8,
          null,
          6,
          null,
          1,
          null,
          9,
          null,
          null,
          null,
          1,
          26,
          26,
          null,
          null,
          1,
          27,
          26,
          null,
          26,
          26,
          26,
          null,
          null,
          null,
          1,
          9,
          null,
          null,
          null,
          null,
          null,
          null,
          null,
          null,
          null,
          null,
          null,
          null,
          null,
          null,
          null,
          9,
          9,
          9,
          null,
          null,
          1,
          6,
          null,
          null,
          1,
          5,
          5,
          45,
          45,
          45,
          0,
          null,
          45,
          null,
          null,
          null,
          1,
          1,
          1,
          1,
          null,
          null,
          1,
          4,
          null,
          4,
          null,
          null,
          1,
          6,
          6,
          8,
          2,
          null,
          null,
          6,
          null,
          null,
          null,
          null,
          6,
          6,
          null,
          null,
          1,
          2,
          1,
          1,
          1,
          1,
          null,
          null,
          1,
          null,
          null,
          1,
          2,
          2,
          2,
          2,
          2,
          2,
          null,
          null,
          1,
          5,
          5,
          null,
          null,
          1,
          0,
          null,
          null,
          null,
          null,
          null,
          null,
          null,
          null,
          null,
          null,
          null,
          null,
          null,
          null,
          null,
          0,
          0,
          null,
          null,
          1,
          2,
          2,
          2,
          2,
          2,
          2,
          null,
          null,
          1,
          3,
          3,
          2,
          2,
          2,
          2,
          null,
          1,
          1,
          null,
          3,
          null,
          null,
          1,
          null,
          1,
          1,
          1,
          1,
          null,
          null,
          1,
          1,
          1,
          1,
          null,
          null,
          1,
          1,
          1,
          1,
          null,
          null,
          1,
          2,
          2,
          null,
          null,
          1,
          6,
          6,
          null,
          null,
          1,
          5,
          5,
          null,
          null,
          1,
          5,
          5,
          5,
          5,
          5,
          null,
          null,
          null,
          5,
          null,
          null,
          1,
          null,
          1,
          null,
          null,
          null,
          null,
          null,
          null,
          null,
          null,
          null,
          null,
          null,
          null,
          null,
          1,
          1,
          null,
          null,
          1,
          0,
          0,
          null,
          null,
          null,
          null,
          null,
          null,
          0,
          0,
          0,
          null,
          null,
          1,
          null,
          0,
          null,
          null,
          null,
          null,
          null,
          null,
          null,
          null,
          null,
          null,
          1,
          null,
          5,
          null,
          null,
          null,
          null,
          null,
          null,
          null,
          null,
          null,
          null,
          null,
          null,
          null,
          null,
          null,
          null,
          null,
          null
        ]
      },
      "/Users/sarrafia/buy-nsw/seller_service/app/models/seller_service/waiting_seller.rb": {
        "lines": [
          1,
          1,
          1,
          1,
          null,
          1,
          1,
          null,
          13,
          null,
          1,
          1,
          1,
          1,
          1,
          1,
          null,
          1,
          1,
          null,
          null,
          1,
          1,
          null,
          null,
          1,
          1,
          null,
          null,
          1,
          1,
          null,
          null,
          null,
          1,
          2,
          null,
          null,
          1,
          0,
          null,
          null,
          1,
          2,
          null,
          null,
          1,
          null,
          1,
          0,
          0,
          null,
          0,
          null,
          null,
          null,
          null,
          0,
          null,
          null,
          null,
          null,
          null,
          null,
          null,
          null,
          null,
          null,
          null,
          null,
          null,
          null,
          null,
          null,
          null,
          null,
          null,
          null,
          null,
          null,
          null,
          null,
          null,
          null,
          null,
          null,
          null,
          null,
          null,
          null,
          null,
          0,
          null,
          0,
          0,
          null,
          0,
          0,
          null,
          0,
          0,
          null,
          0,
          0,
          null,
          0,
          0,
          null,
          0,
          0,
          null,
          0,
          0,
          null,
          null,
          null,
          1,
          0,
          0,
          0,
          0,
          null,
          0,
          null,
          null,
          1,
          null,
          1,
          6,
          null,
          null,
          1,
          0,
          0,
          0,
          0,
          null,
          0,
          null,
          null,
          null,
          1,
          0,
          0,
          0,
          null,
          null,
          0,
          null,
          null,
          null,
          null,
          null,
          null,
          null,
          null,
          null,
          null,
          null,
          null,
          null,
          null,
          null,
          null,
          0,
          null,
          null,
          null,
          0,
          0,
          0,
          0,
          null,
          0,
          0,
          null,
          0,
          0,
          null,
          0,
          null,
          null,
          null,
          null,
          null,
          null,
          0,
          0,
          null,
          null,
          0,
          0,
          null,
          0,
          null,
          null,
          null
        ]
      },
      "/Users/sarrafia/buy-nsw/seller_service/app/controllers/seller_service/public_sellers_controller.rb": {
        "lines": [
          1,
          null,
          1,
          1,
          1,
          null,
          1,
          3,
          null,
          null,
          null,
          null,
          1,
          3,
          3,
          null,
          null,
          null,
          null,
          null,
          null,
          null,
          null,
          21,
          null,
          null,
          null,
          null,
          1,
          2,
          0,
          0,
          0,
          0,
          0,
          null,
          2,
          1,
          null,
          1,
          1,
          null,
          1,
          null,
          null,
          2,
          null,
          null,
          null,
          1,
          1,
          1,
          null,
          null,
          1,
          26,
          26,
          26,
          130,
          null,
          null,
          null,
          null,
          1,
          null,
          27,
          null,
          null,
          null,
          null,
          null,
          null,
          null,
          1,
          27,
          0,
          null,
          27,
          null,
          null,
          null,
          1,
          1,
          5,
          null,
          26,
          null,
          null,
          null,
          null,
          null,
          1,
          1,
          2,
          0,
          0,
          null,
          null,
          null,
          null,
          null,
          1,
          1,
          null,
          null,
          null,
          null,
          null,
          null,
          null,
          1,
          0,
          null,
          null,
          null,
          null,
          null,
          1,
          null,
          1,
          3,
          3,
          0,
          null,
          3,
          null,
          null,
          1,
          1,
          null,
          null,
          null
        ]
      },
      "/Users/sarrafia/buy-nsw/seller_service/app/controllers/seller_service/application_controller.rb": {
        "lines": [
          1,
          1,
          1,
          null,
          null
        ]
      },
      "/Users/sarrafia/buy-nsw/seller_service/app/controllers/seller_service/sellers_controller.rb": {
        "lines": [
          1,
          null,
          1,
          1,
          1,
          1,
          1,
          1,
          1,
          1,
          null,
          1,
          0,
          null,
          null,
          1,
          0,
          null,
          null,
          1,
          0,
          0,
          0,
          null,
          0,
          0,
          0,
          0,
          0,
          null,
          null,
          0,
          null,
          0,
          null,
          null,
          1,
          0,
          null,
          null,
          1,
          0,
          0,
          0,
          0,
          0,
          0,
          0,
          null,
          null,
          null,
          null,
          null,
          null,
          1,
          0,
          0,
          0,
          null,
          0,
          0,
          null,
          null,
          1,
          0,
          null,
          null,
          1,
          0,
          0,
          0,
          0,
          null,
          0,
          null,
          null,
          null,
          1,
          null,
          null,
          null,
          null,
          0,
          null,
          null,
          1,
          0,
          null,
          null,
          1,
          0,
          0,
          0,
          0,
          null,
          null,
          1,
          0,
          0,
          null,
          0,
          null,
          null,
          null,
          1,
          0,
          null,
          null,
          1,
          0,
          null,
          null,
          1,
          0,
          null,
          null,
          1,
          0,
          null,
          null,
          1,
          0,
          null,
          null,
          1,
          0,
          null,
          null,
          1,
          0,
          null,
          null,
          1,
          0,
          0,
          0,
          0,
          null,
          null,
          1,
          0,
          0,
          0,
          null,
          null,
          1,
          0,
          0,
          null,
          null,
          1,
          null,
          1,
          0,
          null,
          null,
          1,
          0,
          0,
          0,
          0,
          null,
          0,
          0,
          0,
          null,
          null,
          null,
          null,
          null,
          null,
          null,
          null,
          null,
          null,
          null,
          null,
          null,
          null,
          null
        ]
      },
      "/Users/sarrafia/buy-nsw/seller_service/app/serializers/seller_service/seller_serializer.rb": {
        "lines": [
          1,
          1,
          null,
          1,
          1,
          1,
          null,
          1,
          3,
          3,
          3,
          3,
          null,
          null,
          1,
          null,
          0,
          null,
          null,
          null,
          null,
          null,
          null,
          null,
          null,
          null,
          null,
          null,
          null,
          null,
          null,
          0,
          null,
          null,
          null,
          null,
          1,
          0,
          null,
          null,
          1,
          0,
          0,
          0,
          null,
          null,
          1,
          4,
          4,
          4,
          null,
          null,
          null,
          null,
          null,
          null,
          null,
          null,
          null,
          null,
          null,
          null,
          null,
          null,
          null,
          1,
          1,
          null,
          null,
          1,
          null,
          1,
          3,
          null,
          null,
          null,
          null,
          null
        ]
      },
      "/Users/sarrafia/buy-nsw/seller_service/app/services/seller_service/document_expiry_service.rb": {
        "lines": [
          1,
          1,
          1,
          null,
          1,
          5,
          null,
          null,
          null,
          null,
          null,
          null,
          5,
          null,
          null,
          null,
          null,
          null,
          null,
          null,
          null,
          5,
          null,
          null,
          1,
          5,
          20,
          20,
          20,
          20,
          15,
          null,
          null,
          null,
          null,
          null,
          1,
          1,
          null,
          3,
          3,
          null,
          null,
          null,
          null,
          1,
          1,
          3,
          null,
          null,
          null,
          1,
          1,
          2,
          null,
          null,
          null,
          1,
          1,
          3,
          null,
          null,
          null,
          1,
          1,
          3,
          null,
          null,
          null,
          null
        ]
      },
      "/Users/sarrafia/buy-nsw/seller_service/app/serializers/seller_service/public_seller_serializer.rb": {
        "lines": [
          1,
          1,
          1,
          1,
          3,
          3,
          3,
          null,
          null,
          1,
          3,
          3,
          0,
          null,
          null,
          3,
          null,
          null,
          null,
          null,
          null,
          null,
          null,
          null,
          null,
          24,
          null,
          null,
          null,
          null,
          null,
          null,
          null,
          12,
          null,
          0,
          null,
          null,
          null,
          0,
          null,
          null,
          null,
          null,
          null,
          null,
          null,
          null,
          null,
          3,
          0,
          null,
          null,
          null,
          null,
          null,
          null,
          null,
          3,
          3,
          0,
          0,
          null,
          null,
          null,
          null,
          3,
          null,
          null,
          1,
          1,
          null,
          null,
          1,
          null,
          2,
          2,
          null,
          null,
          null,
          null,
          null
        ]
      },
      "/Users/sarrafia/buy-nsw/seller_service/app/models/seller_service/seller_profile_version.rb": {
        "lines": [
          1,
          1,
          1,
          1,
          null,
          null,
          null,
          null,
          null,
          null,
          null,
          1,
          1,
          null,
          1,
          1,
          1,
          null,
          null
        ]
      },
      "/Users/sarrafia/buy-nsw/seller_service/app/models/seller_service/supplier_scheme.rb": {
        "lines": [
          1,
          1,
          1,
          1,
          0,
          null,
          null,
          null
        ]
      },
      "/Users/sarrafia/buy-nsw/seller_service/app/forms/seller_service/eligibility_form.rb": {
        "lines": [
          1,
          1,
          1,
          1,
          1,
          null,
          1,
          1,
          1,
          1,
          null,
          1,
          0,
          0,
          null,
          null,
          null,
          null
        ]
      },
      "/Users/sarrafia/buy-nsw/seller_service/app/forms/seller_service/auditable_form.rb": {
        "lines": [
          1,
          1,
          1,
          null,
          null,
          1,
          0,
          0,
          null,
          null,
          0,
          null,
          null,
          null,
          null,
          1,
          0,
          null,
          null,
          1,
          0,
          0,
          0,
          null,
          null,
          null,
          1,
          0,
          0,
          null,
          0,
          null,
          null,
          null,
          null,
          null,
          null,
          1,
          0,
          0,
          null,
          0,
          null,
          null,
          null,
          null,
          null,
          null,
          1,
          0,
          0,
          null,
          null,
          null,
          1,
          0,
          0,
          null,
          null,
          null,
          1,
          0,
          0,
          0,
          0,
          0,
          0,
          0,
          null,
          0,
          null,
          null,
          0,
          0,
          0,
          0,
          null,
          0,
          null,
          null,
          null,
          null,
          1,
          0,
          null,
          null,
          1,
          0,
          null,
          null,
          null
        ]
      },
      "/Users/sarrafia/buy-nsw/seller_service/app/forms/seller_service/base_form.rb": {
        "lines": [
          1,
          1,
          1,
          1,
          null,
          null,
          1,
          45,
          0,
          0,
          null,
          null,
          45,
          0,
          0,
          0,
          0,
          null,
          0,
          null,
          null,
          null,
          null,
          null,
          1,
          0,
          0,
          0,
          0,
          null,
          0,
          null,
          null,
          null,
          null,
          null,
          1,
          0,
          0,
          null,
          0,
          0,
          0,
          null,
          0,
          null,
          null,
          null,
          1,
          45,
          255,
          null,
          45,
          45,
          null,
          null,
          1,
          45,
          45,
          null,
          null,
          1,
          0,
          0,
          0,
          null,
          0,
          0,
          null,
          0,
          null,
          null,
          1,
          0,
          0,
          0,
          null,
          null,
          1,
          0,
          null,
          null,
          1,
          136,
          null,
          null,
          1,
          45,
          null,
          null,
          1,
          325,
          null,
          null,
          1,
          45,
          null,
          null,
          1,
          325,
          null,
          null,
          1,
          0,
          null,
          null,
          1,
          0,
          null,
          null,
          1,
          45,
          null,
          null,
          1,
          325,
          null,
          null,
          1,
          0,
          null,
          null,
          1,
          0,
          null,
          null,
          1,
          0,
          null,
          null,
          1,
          0,
          null,
          null,
          1,
          0,
          null,
          null,
          1,
          0,
          null,
          null,
          null,
          null,
          1,
          135,
          135,
          135,
          135,
          null,
          135,
          135,
          null,
          135,
          135,
          null,
          135,
          135,
          null,
          135,
          135,
          null,
          135,
          null,
          null,
          null
        ]
      },
      "/Users/sarrafia/buy-nsw/seller_service/app/forms/seller_service/business_name_form.rb": {
        "lines": [
          1,
          1,
          1,
          1,
          1,
          1,
          null,
          1,
          1,
          null,
          1,
          1,
          1,
          null,
          1,
          0,
          0,
          null,
          null,
          null,
          1,
          0,
          null,
          0,
          null,
          null,
          null,
          1,
          1,
          1,
          0,
          0,
          null,
          null,
          null,
          null
        ]
      },
      "/Users/sarrafia/buy-nsw/seller_service/app/forms/seller_service/contact_detail_form.rb": {
        "lines": [
          1,
          1,
          1,
          1,
          1,
          1,
          null,
          1,
          1,
          1,
          1,
          1,
          1,
          1,
          null,
          1,
          null,
          1,
          null,
          1,
          1,
          1,
          1,
          1,
          1,
          1,
          1,
          1,
          null,
          1,
          null,
          null,
          null,
          null,
          null,
          null,
          null,
          null,
          null,
          null,
          null,
          null,
          null,
          1,
          0,
          0,
          0,
          null,
          null,
          null,
          null,
          null,
          null,
          null,
          null,
          null,
          null,
          null,
          1,
          0,
          0,
          null,
          null,
          1,
          0,
          0,
          0,
          null,
          0,
          0,
          null,
          null,
          1,
          0,
          0,
          0,
          0,
          0,
          null,
          null,
          0,
          0,
          0,
          0,
          0,
          null,
          0,
          0,
          null,
          null,
          1,
          0,
          null,
          null,
          null,
          null,
          null,
          null,
          null,
          null,
          null,
          null,
          0,
          null,
          null,
          null,
          null
        ]
      },
      "/Users/sarrafia/buy-nsw/seller_service/app/validators/seller_service/json_validator.rb": {
        "lines": [
          1,
          1,
          1,
          80,
          80,
          35,
          35,
          35,
          10,
          10,
          null,
          0,
          null,
          45,
          5,
          5,
          5,
          35,
          35,
          null,
          0,
          null,
          40,
          0,
          40,
          5,
          35,
          0,
          35,
          0,
          35,
          35,
          25,
          null,
          25,
          null,
          25,
          0,
          25,
          0,
          0,
          25,
          0,
          25,
          0,
          25,
          0,
          25,
          25,
          0,
          0,
          0,
          0,
          0,
          0,
          0,
          0,
          null,
          0,
          null,
          null,
          0,
          null,
          null,
          null,
          1,
          35,
          35,
          35,
          null,
          35,
          null,
          0,
          0,
          0,
          null,
          null,
          null,
          null,
          null
        ]
      },
      "/Users/sarrafia/buy-nsw/seller_service/app/forms/seller_service/company_type_form.rb": {
        "lines": [
          1,
          1,
          1,
          1,
          1,
          1,
          1,
          1,
          1,
          1,
          1,
          1,
          1,
          null,
          1,
          1,
          null,
          1,
          1,
          null,
          1,
          0,
          null,
          null,
          null,
          null,
          null,
          null,
          null,
          null,
          null,
          null,
          null,
          null,
          0,
          null,
          null,
          null,
          1,
          0,
          null,
          null,
          1,
          0,
          0,
          0,
          0,
          null,
          null,
          1,
          0,
          0,
          0,
          0,
          null,
          null,
          1,
          null,
          0,
          null,
          null,
          null,
          null,
          null,
          null,
          null,
          null,
          0,
          0,
          0,
          null,
          0,
          0,
          null,
          null,
          1,
          1,
          1,
          1,
          1,
          null,
          null
        ]
      },
      "/Users/sarrafia/buy-nsw/seller_service/app/forms/seller_service/product_category_form.rb": {
        "lines": [
          1,
          1,
          1,
          1,
          1,
          null,
          null,
          null,
          null,
          1,
          0,
          0,
          null,
          null,
          null,
          1,
          0,
          0,
          null,
          null,
          1,
          0,
          0,
          null,
          null,
          1,
          0,
          null,
          null,
          null
        ]
      },
      "/Users/sarrafia/buy-nsw/seller_service/app/forms/seller_service/legal_disclosure_form.rb": {
        "lines": [
          1,
          1,
          1,
          1,
          null,
          1,
          1,
          null,
          1,
          1,
          null,
          1,
          1,
          null,
          1,
          0,
          0,
          0,
          0,
          null,
          null,
          1,
          0,
          0,
          0,
          0,
          null,
          null,
          1,
          1,
          1,
          1,
          1,
          1,
          1,
          1,
          null,
          null
        ]
      },
      "/Users/sarrafia/buy-nsw/seller_service/app/forms/seller_service/insurance_and_financial_document_form.rb": {
        "lines": [
          1,
          1,
          1,
          1,
          1,
          1,
          1,
          null,
          1,
          1,
          1,
          1,
          1,
          null,
          null,
          1,
          1,
          1,
          1,
          null,
          1,
          0,
          0,
          0,
          null,
          1,
          null,
          1,
          1,
          1,
          1,
          null,
          1,
          0,
          null,
          null,
          1,
          0,
          0,
          0,
          0,
          null,
          0,
          0,
          null,
          null,
          null,
          null,
          1,
          0,
          0,
          0,
          0,
          null,
          0,
          0,
          null,
          0,
          null,
          null,
          null,
          null
        ]
      },
      "/Users/sarrafia/buy-nsw/seller_service/app/forms/seller_service/company_profile_form.rb": {
        "lines": [
          1,
          1,
          1,
          1,
          1,
          null,
          1,
          1,
          1,
          1,
          1,
          null,
          1,
          0,
          null,
          null,
          1,
          1,
          1,
          1,
          1,
          1,
          1,
          1,
          null,
          null
        ]
      },
      "/Users/sarrafia/buy-nsw/seller_service/app/forms/seller_service/membership_and_award_form.rb": {
        "lines": [
          1,
          1,
          1,
          1,
          null,
          1,
          1,
          null,
          1,
          0,
          0,
          0,
          0,
          null,
          0,
          0,
          null,
          null,
          null,
          1,
          0,
          null,
          null,
          1,
          0,
          0,
          null,
          null,
          1,
          0,
          null,
          null,
          null
        ]
      },
      "/Users/sarrafia/buy-nsw/seller_service/app/forms/seller_service/accreditation_and_license_form.rb": {
        "lines": [
          1,
          1,
          1,
          1,
          1,
          1,
          1,
          null,
          1,
          1,
          1,
          1,
          null,
          1,
          0,
          null,
          null,
          1,
          0,
          null,
          null,
          1,
          0,
          0,
          0,
          0,
          0,
          0,
          null,
          0,
          0,
          null,
          null,
          null,
          1,
          0,
          null,
          null,
          1,
          0,
          0,
          null,
          null,
          1,
          0,
          null,
          null,
          null
        ]
      },
      "/Users/sarrafia/buy-nsw/seller_service/app/forms/seller_service/complete_application_form.rb": {
        "lines": [
          1,
          1,
          1,
          1,
          null,
          1,
          1,
          1,
          1,
          null,
          1,
          1,
          1,
          null,
          1,
          null,
          1,
          0,
          null,
          null,
          1,
          0,
          0,
          0,
          0,
          0,
          0,
          null,
          0,
          0,
          null,
          null,
          0,
          0,
          null,
          0,
          0,
          null,
          0,
          0,
          0,
          0,
          0,
          0,
          null,
          0,
          null,
          null,
          null,
          null,
          null,
          null,
          1,
          0,
          null,
          null,
          1,
          0,
          0,
          0,
          0,
          null,
          null,
          null,
          null
        ]
      },
      "/Users/sarrafia/buy-nsw/seller_service/app/forms/seller_service/account/business_name_and_abn_form.rb": {
        "lines": [
          1,
          1,
          1,
          1,
          1,
          1,
          null,
          1,
          1,
          null,
          1,
          1,
          1,
          null,
          1,
          5,
          0,
          null,
          null,
          null,
          1,
          5,
          null,
          0,
          null,
          null,
          null,
          1,
          1,
          1,
          5,
          0,
          null,
          null,
          null,
          null
        ]
      },
      "/Users/sarrafia/buy-nsw/seller_service/app/forms/seller_service/account/auditable_form.rb": {
        "lines": [
          1,
          1,
          1,
          0,
          0,
          null,
          null,
          0,
          null,
          null,
          null,
          null,
          1,
          0,
          0,
          null,
          0,
          null,
          null,
          null,
          null,
          null,
          null,
          1,
          0,
          0,
          null,
          0,
          null,
          null,
          null,
          null,
          null,
          null,
          1,
          0,
          null,
          null,
          1,
          0,
          0,
          null,
          null,
          null,
          1,
          45,
          215,
          null,
          null,
          null,
          1,
          0,
          0,
          0,
          0,
          0,
          0,
          0,
          0,
          0,
          0,
          null,
          0,
          null,
          null,
          null,
          1,
          45,
          null,
          null,
          1,
          45,
          null,
          null,
          null
        ]
      },
      "/Users/sarrafia/buy-nsw/seller_service/app/forms/seller_service/account/contact_detail_form.rb": {
        "lines": [
          1,
          1,
          1,
          1,
          1,
          1,
          null,
          1,
          1,
          1,
          1,
          1,
          null,
          1,
          null,
          1,
          1,
          1,
          1,
          1,
          1,
          1,
          1,
          1,
          null,
          1,
          5,
          null,
          null,
          1,
          0,
          0,
          0,
          0,
          0,
          0,
          0,
          null,
          null,
          null,
          null
        ]
      },
      "/Users/sarrafia/buy-nsw/seller_service/app/forms/seller_service/account/business_address_form.rb": {
        "lines": [
          1,
          1,
          1,
          1,
          1,
          1,
          null,
          1,
          null,
          null,
          null,
          null,
          null,
          null,
          null,
          null,
          null,
          null,
          null,
          null,
          null,
          1,
          5,
          5,
          5,
          null,
          null,
          null,
          null,
          null,
          null,
          null,
          null,
          null,
          null,
          null,
          1,
          0,
          0,
          null,
          null,
          1,
          5,
          0,
          null,
          5,
          5,
          null,
          null,
          1,
          0,
          0,
          0,
          0,
          null,
          null,
          0,
          0,
          null,
          null,
          null
        ]
      },
      "/Users/sarrafia/buy-nsw/seller_service/app/forms/seller_service/account/company_type_and_size_form.rb": {
        "lines": [
          1,
          1,
          1,
          1,
          1,
          1,
          1,
          null,
          1,
          1,
          1,
          1,
          1,
          null,
          null
        ]
      },
      "/Users/sarrafia/buy-nsw/seller_service/app/forms/seller_service/account/business_category_form.rb": {
        "lines": [
          1,
          1,
          1,
          1,
          1,
          1,
          1,
          1,
          null,
          1,
          1,
          1,
          null,
          1,
          1,
          null,
          1,
          1,
          1,
          null,
          null,
          null,
          null,
          1,
          10,
          null,
          null,
          1,
          0,
          0,
          null,
          null,
          null,
          1,
          0,
          0,
          null,
          null,
          1,
          0,
          0,
          null,
          null,
          1,
          5,
          5,
          5,
          5,
          null,
          null,
          1,
          0,
          0,
          0,
          null,
          0,
          null,
          null,
          null
        ]
      },
      "/Users/sarrafia/buy-nsw/seller_service/app/forms/seller_service/account/legal_disclosure_form.rb": {
        "lines": [
          1,
          1,
          1,
          1,
          null,
          1,
          1,
          null,
          1,
          1,
          null,
          1,
          1,
          null,
          1,
          5,
          5,
          5,
          5,
          null,
          null,
          1,
          0,
          0,
          0,
          0,
          null,
          null,
          1,
          6,
          1,
          6,
          1,
          6,
          1,
          6,
          null,
          null
        ]
      },
      "/Users/sarrafia/buy-nsw/seller_service/app/forms/seller_service/account/insurance_document_form.rb": {
        "lines": [
          1,
          1,
          1,
          1,
          1,
          1,
          null,
          1,
          1,
          1,
          null,
          null,
          6,
          6,
          6,
          1,
          null,
          1,
          5,
          5,
          5,
          null,
          null,
          1,
          1,
          1,
          null,
          1,
          5,
          5,
          5,
          null,
          null,
          1,
          0,
          0,
          0,
          null,
          null,
          null
        ]
      },
      "/Users/sarrafia/buy-nsw/seller_service/app/forms/seller_service/account/financial_document_form.rb": {
        "lines": [
          1,
          1,
          1,
          1,
          null,
          1,
          1,
          null,
          null,
          6,
          1,
          null,
          1,
          5,
          5,
          5,
          null,
          null,
          null,
          null,
          1,
          5,
          null,
          null,
          1,
          5,
          5,
          0,
          null,
          5,
          null,
          null,
          null,
          null
        ]
      },
      "/Users/sarrafia/buy-nsw/seller_service/app/forms/seller_service/account/scheme_and_panel_form.rb": {
        "lines": [
          1,
          1,
          1,
          1,
          null,
          1,
          null,
          1,
          5,
          null,
          null,
          1,
          5,
          5,
          null,
          null,
          null
        ]
      },
      "/Users/sarrafia/buy-nsw/seller_service/app/forms/seller_service/profile/contact_detail_form.rb": {
        "lines": [
          0,
          0,
          0,
          0,
          0,
          0,
          0,
          0,
          null,
          0,
          0,
          0,
          0,
          0,
          0,
          0,
          0
        ],
        "branches": {
        }
      },
      "/Users/sarrafia/buy-nsw/seller_service/app/forms/seller_service/profile/reputation_and_distinction_form.rb": {
        "lines": [
          0,
          0,
          0,
          0,
          0,
          0,
          0,
          0,
          0,
          null,
          0,
          0,
          0,
          0,
          0,
          0,
          null,
          0,
          0,
          0,
          null,
          0,
          0,
          0,
          null,
          0,
          0,
          0,
          0,
          0,
          0,
          0,
          0,
          null,
          0,
          0,
          0,
          null,
          0,
          0,
          0,
          0,
          0,
          0,
          0,
          0
        ],
        "branches": {
        }
      },
      "/Users/sarrafia/buy-nsw/seller_service/app/forms/seller_service/profile/essential_information_form.rb": {
        "lines": [
          0,
          0,
          0,
          0,
          null,
          0,
          0,
          0,
          0
        ],
        "branches": {
        }
      },
      "/Users/sarrafia/buy-nsw/seller_service/app/forms/seller_service/profile/capability_and_experty_form.rb": {
        "lines": [
          0,
          0,
          0,
          0,
          0,
          0,
          0,
          0,
          0,
          0,
          0,
          0
        ],
        "branches": {
        }
      },
      "/Users/sarrafia/buy-nsw/seller_service/app/forms/seller_service/profile/promotional_video_form.rb": {
        "lines": [
          0,
          0,
          0,
          0,
          null,
          null,
          0,
          0,
          0,
          0,
          0
        ],
        "branches": {
        }
      },
      "/Users/sarrafia/buy-nsw/seller_service/app/forms/seller_service/profile/reference_and_case_study_form.rb": {
        "lines": [
          0,
          0,
          0,
          0,
          0,
          null,
          0,
          0,
          0,
          0,
          0,
          0,
          0,
          0,
          0,
          0,
          0,
          0,
          0,
          null,
          0,
          0,
          0,
          0,
          0,
          0,
          0,
          0,
          null,
          0,
          0,
          0,
          0,
          0,
          0
        ],
        "branches": {
        }
      },
      "/Users/sarrafia/buy-nsw/seller_service/app/forms/seller_service/profile/government_credential_form.rb": {
        "lines": [
          0,
          0,
          0,
          null,
          0,
          0,
          0,
          0,
          0,
          0,
          0,
          0,
          0,
          0,
          0,
          0,
          0,
          null,
          0,
          0,
          0,
          0,
          0
        ],
        "branches": {
        }
      },
      "/Users/sarrafia/buy-nsw/seller_service/app/forms/seller_service/profile/team_member_form.rb": {
        "lines": [
          0,
          0,
          0,
          null,
          0,
          0,
          0,
          0,
          0,
          0,
          0,
          0,
          0,
          0,
          0,
          0,
          null,
          0,
          0,
          0,
          0,
          0
        ],
        "branches": {
        }
      },
      "/Users/sarrafia/buy-nsw/seller_service/app/jobs/seller_service/application_job.rb": {
        "lines": [
          0,
          0,
          null,
          0,
          null,
          0,
          0,
          0,
          0,
          0
        ],
        "branches": {
        }
      },
      "/Users/sarrafia/buy-nsw/seller_service/app/controllers/seller_service/seller_profile_forms_controller.rb": {
        "lines": [
          0,
          null,
          0,
          0,
          0,
          0,
          0,
          null,
          0,
          0,
          0,
          null,
          0,
          0,
          0,
          0,
          0,
          0,
          0,
          null,
          0,
          0,
          0,
          0,
          0,
          0,
          0,
          0,
          0,
          0,
          0,
          0,
          0,
          0,
          0,
          0,
          0,
          null,
          null,
          0,
          0,
          0,
          0,
          0,
          0,
          null,
          null,
          0,
          0,
          0,
          0,
          0,
          0,
          0,
          0,
          null,
          0,
          0,
          0,
          0,
          0,
          0,
          0,
          0,
          0,
          0,
          0,
          null,
          0,
          null,
          0,
          0,
          0,
          0,
          0,
          0,
          0,
          0,
          null,
          0,
          0,
          0,
          0,
          0,
          null,
          0,
          0,
          0,
          0,
          null,
          0,
          0,
          0,
          null,
          0,
          0,
          0,
          0,
          0,
          0,
          0,
          0,
          0,
          0,
          0,
          0,
          0
        ],
        "branches": {
        }
      },
      "/Users/sarrafia/buy-nsw/seller_service/app/controllers/seller_service/seller_account_forms_controller.rb": {
        "lines": [
          0,
          null,
          0,
          0,
          0,
          0,
          null,
          0,
          0,
          0,
          0,
          0,
          0,
          0,
          0,
          0,
          null,
          0,
          0,
          0,
          0,
          0,
          0,
          0,
          0,
          0,
          0,
          0,
          0,
          0,
          0,
          null,
          0,
          0,
          0,
          null,
          0,
          0,
          0,
          0,
          0,
          0,
          null,
          0,
          null,
          0,
          0,
          0,
          0,
          null,
          0,
          0,
          0,
          null,
          0,
          0,
          0,
          0,
          0,
          0,
          0
        ],
        "branches": {
        }
      },
      "/Users/sarrafia/buy-nsw/seller_service/app/controllers/seller_service/waiting_sellers_controller.rb": {
        "lines": [
          0,
          null,
          0,
          0,
          0,
          0,
          null,
          0,
          0,
          null,
          0,
          null,
          0,
          0,
          0,
          0,
          0,
          0,
          0,
          0,
          0,
          0,
          0,
          0,
          0,
          0,
          0,
          null,
          0,
          0,
          0,
          0,
          0,
          0,
          0,
          0
        ],
        "branches": {
        }
      },
      "/Users/sarrafia/buy-nsw/seller_service/app/controllers/seller_service/seller_forms_controller.rb": {
        "lines": [
          0,
          null,
          0,
          0,
          0,
          0,
          null,
          0,
          0,
          0,
          0,
          0,
          0,
          0,
          0,
          0,
          0,
          0,
          0,
          0,
          null,
          0,
          0,
          0,
          0,
          0,
          0,
          0,
          0,
          0,
          0,
          0,
          0,
          0,
          0,
          null,
          0,
          null,
          0,
          0,
          0,
          0,
          null,
          0,
          0,
          0,
          null,
          0,
          0,
          0,
          0,
          0,
          0,
          0
        ],
        "branches": {
        }
      }
    },
    "timestamp": 1595425339
  }
}
